<?xml version="1.0" encoding="UTF-8"?>
<!-- Generated by org.testng.reporters.JUnitXMLReporter -->
<testsuite ignored="0" hostname="DESKTOP-36EIB2N" failures="1" tests="25" name="Default test" time="682.077" errors="0" timestamp="2020-02-04T13:10:41 IST">
  <testcase classname="com.verfiabil.qa.testcases.Smoketests" name="verifyHomePageTitleTest" time="0.024"/>
  <testcase classname="com.verfiabil.qa.testcases.Smoketests" name="verifyTenantsheader" time="6.61"/>
  <testcase classname="com.verfiabil.qa.testcases.Smoketests" name="verifyAddGroupLink" time="8.472"/>
  <testcase classname="com.verfiabil.qa.testcases.Smoketests" name="verifyAddBrokerLink" time="8.953"/>
  <testcase classname="com.verfiabil.qa.testcases.Smoketests" name="verifyRolesgclink" time="8.053"/>
  <testcase classname="com.verfiabil.qa.testcases.Smoketests" name="verifyUsersgclink" time="8.226"/>
  <testcase classname="com.verfiabil.qa.testcases.Smoketests" name="verifyAuditlogsgclink" time="7.469"/>
  <testcase classname="com.verfiabil.qa.testcases.Smoketests" name="verifyMaintainencegclink" time="7.301"/>
  <testcase classname="com.verfiabil.qa.testcases.Smoketests" name="verifySettingsgclink" time="6.587"/>
  <testcase classname="com.verfiabil.qa.testcases.Smoketests" name="verifyCarriermanagementgclink" time="7.56"/>
  <testcase classname="com.verfiabil.qa.testcases.Smoketests" name="verifyAccountnumbergclink" time="7.205"/>
  <testcase classname="com.verfiabil.qa.testcases.Smoketests" name="verifyServicefeegclink" time="7.883"/>
  <testcase classname="com.verfiabil.qa.testcases.Smoketests" name="verifySelfcostplangclink" time="76.514"/>
  <testcase classname="com.verfiabil.qa.testcases.Smoketests" name="verifyImportcarrierdatagclink" time="6.705"/>
  <testcase classname="com.verfiabil.qa.testcases.Smoketests" name="verifyImportbenadmindatagclink" time="7.368"/>
  <testcase classname="com.verfiabil.qa.testcases.Smoketests" name="verifyReviewinvoicegclink" time="6.928"/>
  <testcase classname="com.verfiabil.qa.testcases.Smoketests" name="verifyResolvenamemismatchgclink" time="7.331"/>
  <testcase classname="com.verfiabil.qa.testcases.Smoketests" name="verifyDiscrepanciesgclink" time="7.578"/>
  <testcase classname="com.verfiabil.qa.testcases.Smoketests" name="verifyFollowupdiscrepancylink" time="7.403"/>
  <testcase classname="com.verfiabil.qa.testcases.Smoketests" name="verifyNodiscreapnciesgclink" time="6.875"/>
  <testcase classname="com.verfiabil.qa.testcases.Smoketests" name="verifyBillinglink" time="7.195"/>
  <testcase classname="com.verfiabil.qa.testcases.Smoketests" name="verifyCarrierinvoicesummarygclink" time="7.548"/>
  <testcase classname="com.verfiabil.qa.testcases.Smoketests" name="verifyCostallocationgclink" time="8.361">
    <failure type="java.lang.AssertionError" message="Cost Allocation and Discrepancy ID header not matched expected [BenAdmin] but found [BenAdmin:]">
      <![CDATA[java.lang.AssertionError: Cost Allocation and Discrepancy ID header not matched expected [BenAdmin] but found [BenAdmin:]
at org.testng.Assert.fail(Assert.java:97)
at org.testng.Assert.assertEqualsImpl(Assert.java:136)
at org.testng.Assert.assertEquals(Assert.java:118)
at org.testng.Assert.assertEquals(Assert.java:575)
at com.verfiabil.qa.testcases.Smoketests.verifyCostallocationgclink(Smoketests.java:219)
at java.base/jdk.internal.reflect.NativeMethodAccessorImpl.invoke0(Native Method)
at java.base/jdk.internal.reflect.NativeMethodAccessorImpl.invoke(NativeMethodAccessorImpl.java:62)
at java.base/jdk.internal.reflect.DelegatingMethodAccessorImpl.invoke(DelegatingMethodAccessorImpl.java:43)
at java.base/java.lang.reflect.Method.invoke(Method.java:567)
at org.testng.internal.MethodInvocationHelper.invokeMethod(MethodInvocationHelper.java:134)
at org.testng.internal.TestInvoker.invokeMethod(TestInvoker.java:597)
at org.testng.internal.TestInvoker.invokeTestMethod(TestInvoker.java:173)
at org.testng.internal.MethodRunner.runInSequence(MethodRunner.java:46)
at org.testng.internal.TestInvoker$MethodInvocationAgent.invoke(TestInvoker.java:816)
at org.testng.internal.TestInvoker.invokeTestMethods(TestInvoker.java:146)
at org.testng.internal.TestMethodWorker.invokeTestMethods(TestMethodWorker.java:146)
at org.testng.internal.TestMethodWorker.run(TestMethodWorker.java:128)
at java.base/java.util.ArrayList.forEach(ArrayList.java:1507)
at org.testng.TestRunner.privateRun(TestRunner.java:766)
at org.testng.TestRunner.run(TestRunner.java:587)
at org.testng.SuiteRunner.runTest(SuiteRunner.java:384)
at org.testng.SuiteRunner.runSequentially(SuiteRunner.java:378)
at org.testng.SuiteRunner.privateRun(SuiteRunner.java:337)
at org.testng.SuiteRunner.run(SuiteRunner.java:286)
at org.testng.SuiteRunnerWorker.runSuite(SuiteRunnerWorker.java:53)
at org.testng.SuiteRunnerWorker.run(SuiteRunnerWorker.java:96)
at org.testng.TestNG.runSuitesSequentially(TestNG.java:1187)
at org.testng.TestNG.runSuitesLocally(TestNG.java:1109)
at org.testng.TestNG.runSuites(TestNG.java:1039)
at org.testng.TestNG.run(TestNG.java:1007)
at org.testng.remote.AbstractRemoteTestNG.run(AbstractRemoteTestNG.java:115)
at org.testng.remote.RemoteTestNG.initAndRun(RemoteTestNG.java:251)
at org.testng.remote.RemoteTestNG.main(RemoteTestNG.java:77)
]]>
    </failure>
  </testcase> <!-- verifyCostallocationgclink -->
  <testcase classname="com.verfiabil.qa.testcases.Smoketests" name="verifyUploadcustomreportgclink" time="7.223"/>
  <testcase classname="com.verfiabil.qa.testcases.Smoketests" name="verifyOtherreportsgclink" time="7.943"/>
</testsuite> <!-- Default test -->
