<?xml version="1.0" encoding="UTF-8"?>
<!-- Generated by org.testng.reporters.JUnitXMLReporter -->
<testsuite ignored="0" hostname="DESKTOP-36EIB2N" failures="0" tests="25" name="Verifiabil Test Cases" time="605.152" errors="0" timestamp="2020-02-04T13:25:08 IST">
  <testcase classname="com.verfiabil.qa.testcases.Smoketests" name="verifyHomePageTitleTest" time="0.021"/>
  <testcase classname="com.verfiabil.qa.testcases.Smoketests" name="verifyTenantsheader" time="6.391"/>
  <testcase classname="com.verfiabil.qa.testcases.Smoketests" name="verifyAddGroupLink" time="7.893"/>
  <testcase classname="com.verfiabil.qa.testcases.Smoketests" name="verifyAddBrokerLink" time="7.68"/>
  <testcase classname="com.verfiabil.qa.testcases.Smoketests" name="verifyRolesgclink" time="7.074"/>
  <testcase classname="com.verfiabil.qa.testcases.Smoketests" name="verifyUsersgclink" time="7.455"/>
  <testcase classname="com.verfiabil.qa.testcases.Smoketests" name="verifyAuditlogsgclink" time="7.282"/>
  <testcase classname="com.verfiabil.qa.testcases.Smoketests" name="verifyMaintainencegclink" time="7.448"/>
  <testcase classname="com.verfiabil.qa.testcases.Smoketests" name="verifySettingsgclink" time="7.193"/>
  <testcase classname="com.verfiabil.qa.testcases.Smoketests" name="verifyCarriermanagementgclink" time="6.399"/>
  <testcase classname="com.verfiabil.qa.testcases.Smoketests" name="verifyAccountnumbergclink" time="7.144"/>
  <testcase classname="com.verfiabil.qa.testcases.Smoketests" name="verifyServicefeegclink" time="7.306"/>
  <testcase classname="com.verfiabil.qa.testcases.Smoketests" name="verifySelfcostplangclink" time="6.899"/>
  <testcase classname="com.verfiabil.qa.testcases.Smoketests" name="verifyImportcarrierdatagclink" time="6.914"/>
  <testcase classname="com.verfiabil.qa.testcases.Smoketests" name="verifyImportbenadmindatagclink" time="6.44"/>
  <testcase classname="com.verfiabil.qa.testcases.Smoketests" name="verifyReviewinvoicegclink" time="6.669"/>
  <testcase classname="com.verfiabil.qa.testcases.Smoketests" name="verifyResolvenamemismatchgclink" time="6.827"/>
  <testcase classname="com.verfiabil.qa.testcases.Smoketests" name="verifyDiscrepanciesgclink" time="6.859"/>
  <testcase classname="com.verfiabil.qa.testcases.Smoketests" name="verifyFollowupdiscrepancylink" time="6.932"/>
  <testcase classname="com.verfiabil.qa.testcases.Smoketests" name="verifyNodiscreapnciesgclink" time="6.903"/>
  <testcase classname="com.verfiabil.qa.testcases.Smoketests" name="verifyBillinglink" time="7.121"/>
  <testcase classname="com.verfiabil.qa.testcases.Smoketests" name="verifyCarrierinvoicesummarygclink" time="7.727"/>
  <testcase classname="com.verfiabil.qa.testcases.Smoketests" name="verifyCostallocationgclink" time="7.508"/>
  <testcase classname="com.verfiabil.qa.testcases.Smoketests" name="verifyUploadcustomreportgclink" time="7.133"/>
  <testcase classname="com.verfiabil.qa.testcases.Smoketests" name="verifyOtherreportsgclink" time="8.874"/>
</testsuite> <!-- Verifiabil Test Cases -->
