<?xml version="1.0" encoding="UTF-8"?>
<testng-results ignored="0" total="25" passed="25" failed="0" skipped="0">
  <reporter-output>
  </reporter-output>
  <suite started-at="2020-02-04T13:15:03 IST" name="Verifiabil Application Automation" finished-at="2020-02-04T13:25:08 IST" duration-ms="605152">
    <groups>
    </groups>
    <test started-at="2020-02-04T13:15:03 IST" name="Verifiabil Test Cases" finished-at="2020-02-04T13:25:08 IST" duration-ms="605152">
      <class name="com.verfiabil.qa.testcases.Smoketests">
        <test-method is-config="true" signature="setUp()[pri:0, instance:com.verfiabil.qa.testcases.Smoketests@12e61fe6]" started-at="2020-02-04T13:15:03 IST" name="setUp" finished-at="2020-02-04T13:15:21 IST" duration-ms="17991" status="PASS">
          <reporter-output>
          </reporter-output>
        </test-method> <!-- setUp -->
        <test-method signature="verifyHomePageTitleTest()[pri:1, instance:com.verfiabil.qa.testcases.Smoketests@12e61fe6]" started-at="2020-02-04T13:15:21 IST" name="verifyHomePageTitleTest" finished-at="2020-02-04T13:15:21 IST" duration-ms="21" status="PASS">
          <reporter-output>
          </reporter-output>
        </test-method> <!-- verifyHomePageTitleTest -->
        <test-method is-config="true" signature="tearDown()[pri:0, instance:com.verfiabil.qa.testcases.Smoketests@12e61fe6]" started-at="2020-02-04T13:15:21 IST" name="tearDown" finished-at="2020-02-04T13:15:21 IST" duration-ms="729" status="PASS">
          <reporter-output>
          </reporter-output>
        </test-method> <!-- tearDown -->
        <test-method is-config="true" signature="setUp()[pri:0, instance:com.verfiabil.qa.testcases.Smoketests@12e61fe6]" started-at="2020-02-04T13:15:21 IST" name="setUp" finished-at="2020-02-04T13:15:37 IST" duration-ms="15844" status="PASS">
          <reporter-output>
          </reporter-output>
        </test-method> <!-- setUp -->
        <test-method signature="verifyTenantsheader()[pri:2, instance:com.verfiabil.qa.testcases.Smoketests@12e61fe6]" started-at="2020-02-04T13:15:37 IST" name="verifyTenantsheader" finished-at="2020-02-04T13:15:44 IST" duration-ms="6391" status="PASS">
          <reporter-output>
          </reporter-output>
        </test-method> <!-- verifyTenantsheader -->
        <test-method is-config="true" signature="tearDown()[pri:0, instance:com.verfiabil.qa.testcases.Smoketests@12e61fe6]" started-at="2020-02-04T13:15:44 IST" name="tearDown" finished-at="2020-02-04T13:15:44 IST" duration-ms="728" status="PASS">
          <reporter-output>
          </reporter-output>
        </test-method> <!-- tearDown -->
        <test-method is-config="true" signature="setUp()[pri:0, instance:com.verfiabil.qa.testcases.Smoketests@12e61fe6]" started-at="2020-02-04T13:15:44 IST" name="setUp" finished-at="2020-02-04T13:16:01 IST" duration-ms="16302" status="PASS">
          <reporter-output>
          </reporter-output>
        </test-method> <!-- setUp -->
        <test-method signature="verifyAddGroupLink()[pri:3, instance:com.verfiabil.qa.testcases.Smoketests@12e61fe6]" started-at="2020-02-04T13:16:01 IST" name="verifyAddGroupLink" finished-at="2020-02-04T13:16:09 IST" duration-ms="7893" status="PASS">
          <reporter-output>
          </reporter-output>
        </test-method> <!-- verifyAddGroupLink -->
        <test-method is-config="true" signature="tearDown()[pri:0, instance:com.verfiabil.qa.testcases.Smoketests@12e61fe6]" started-at="2020-02-04T13:16:09 IST" name="tearDown" finished-at="2020-02-04T13:16:09 IST" duration-ms="743" status="PASS">
          <reporter-output>
          </reporter-output>
        </test-method> <!-- tearDown -->
        <test-method is-config="true" signature="setUp()[pri:0, instance:com.verfiabil.qa.testcases.Smoketests@12e61fe6]" started-at="2020-02-04T13:16:09 IST" name="setUp" finished-at="2020-02-04T13:16:25 IST" duration-ms="15938" status="PASS">
          <reporter-output>
          </reporter-output>
        </test-method> <!-- setUp -->
        <test-method signature="verifyAddBrokerLink()[pri:4, instance:com.verfiabil.qa.testcases.Smoketests@12e61fe6]" started-at="2020-02-04T13:16:25 IST" name="verifyAddBrokerLink" finished-at="2020-02-04T13:16:33 IST" duration-ms="7680" status="PASS">
          <reporter-output>
          </reporter-output>
        </test-method> <!-- verifyAddBrokerLink -->
        <test-method is-config="true" signature="tearDown()[pri:0, instance:com.verfiabil.qa.testcases.Smoketests@12e61fe6]" started-at="2020-02-04T13:16:33 IST" name="tearDown" finished-at="2020-02-04T13:16:34 IST" duration-ms="782" status="PASS">
          <reporter-output>
          </reporter-output>
        </test-method> <!-- tearDown -->
        <test-method is-config="true" signature="setUp()[pri:0, instance:com.verfiabil.qa.testcases.Smoketests@12e61fe6]" started-at="2020-02-04T13:16:34 IST" name="setUp" finished-at="2020-02-04T13:16:50 IST" duration-ms="16163" status="PASS">
          <reporter-output>
          </reporter-output>
        </test-method> <!-- setUp -->
        <test-method signature="verifyRolesgclink()[pri:5, instance:com.verfiabil.qa.testcases.Smoketests@12e61fe6]" started-at="2020-02-04T13:16:50 IST" name="verifyRolesgclink" finished-at="2020-02-04T13:16:57 IST" duration-ms="7074" status="PASS">
          <reporter-output>
          </reporter-output>
        </test-method> <!-- verifyRolesgclink -->
        <test-method is-config="true" signature="tearDown()[pri:0, instance:com.verfiabil.qa.testcases.Smoketests@12e61fe6]" started-at="2020-02-04T13:16:57 IST" name="tearDown" finished-at="2020-02-04T13:16:58 IST" duration-ms="685" status="PASS">
          <reporter-output>
          </reporter-output>
        </test-method> <!-- tearDown -->
        <test-method is-config="true" signature="setUp()[pri:0, instance:com.verfiabil.qa.testcases.Smoketests@12e61fe6]" started-at="2020-02-04T13:16:58 IST" name="setUp" finished-at="2020-02-04T13:17:14 IST" duration-ms="15993" status="PASS">
          <reporter-output>
          </reporter-output>
        </test-method> <!-- setUp -->
        <test-method signature="verifyUsersgclink()[pri:6, instance:com.verfiabil.qa.testcases.Smoketests@12e61fe6]" started-at="2020-02-04T13:17:14 IST" name="verifyUsersgclink" finished-at="2020-02-04T13:17:21 IST" duration-ms="7455" status="PASS">
          <reporter-output>
          </reporter-output>
        </test-method> <!-- verifyUsersgclink -->
        <test-method is-config="true" signature="tearDown()[pri:0, instance:com.verfiabil.qa.testcases.Smoketests@12e61fe6]" started-at="2020-02-04T13:17:21 IST" name="tearDown" finished-at="2020-02-04T13:17:22 IST" duration-ms="665" status="PASS">
          <reporter-output>
          </reporter-output>
        </test-method> <!-- tearDown -->
        <test-method is-config="true" signature="setUp()[pri:0, instance:com.verfiabil.qa.testcases.Smoketests@12e61fe6]" started-at="2020-02-04T13:17:22 IST" name="setUp" finished-at="2020-02-04T13:17:38 IST" duration-ms="16168" status="PASS">
          <reporter-output>
          </reporter-output>
        </test-method> <!-- setUp -->
        <test-method signature="verifyAuditlogsgclink()[pri:7, instance:com.verfiabil.qa.testcases.Smoketests@12e61fe6]" started-at="2020-02-04T13:17:38 IST" name="verifyAuditlogsgclink" finished-at="2020-02-04T13:17:45 IST" duration-ms="7282" status="PASS">
          <reporter-output>
          </reporter-output>
        </test-method> <!-- verifyAuditlogsgclink -->
        <test-method is-config="true" signature="tearDown()[pri:0, instance:com.verfiabil.qa.testcases.Smoketests@12e61fe6]" started-at="2020-02-04T13:17:45 IST" name="tearDown" finished-at="2020-02-04T13:17:46 IST" duration-ms="680" status="PASS">
          <reporter-output>
          </reporter-output>
        </test-method> <!-- tearDown -->
        <test-method is-config="true" signature="setUp()[pri:0, instance:com.verfiabil.qa.testcases.Smoketests@12e61fe6]" started-at="2020-02-04T13:17:46 IST" name="setUp" finished-at="2020-02-04T13:18:02 IST" duration-ms="16147" status="PASS">
          <reporter-output>
          </reporter-output>
        </test-method> <!-- setUp -->
        <test-method signature="verifyMaintainencegclink()[pri:8, instance:com.verfiabil.qa.testcases.Smoketests@12e61fe6]" started-at="2020-02-04T13:18:02 IST" name="verifyMaintainencegclink" finished-at="2020-02-04T13:18:09 IST" duration-ms="7448" status="PASS">
          <reporter-output>
          </reporter-output>
        </test-method> <!-- verifyMaintainencegclink -->
        <test-method is-config="true" signature="tearDown()[pri:0, instance:com.verfiabil.qa.testcases.Smoketests@12e61fe6]" started-at="2020-02-04T13:18:09 IST" name="tearDown" finished-at="2020-02-04T13:18:10 IST" duration-ms="683" status="PASS">
          <reporter-output>
          </reporter-output>
        </test-method> <!-- tearDown -->
        <test-method is-config="true" signature="setUp()[pri:0, instance:com.verfiabil.qa.testcases.Smoketests@12e61fe6]" started-at="2020-02-04T13:18:10 IST" name="setUp" finished-at="2020-02-04T13:18:26 IST" duration-ms="15662" status="PASS">
          <reporter-output>
          </reporter-output>
        </test-method> <!-- setUp -->
        <test-method signature="verifySettingsgclink()[pri:9, instance:com.verfiabil.qa.testcases.Smoketests@12e61fe6]" started-at="2020-02-04T13:18:26 IST" name="verifySettingsgclink" finished-at="2020-02-04T13:18:33 IST" duration-ms="7193" status="PASS">
          <reporter-output>
          </reporter-output>
        </test-method> <!-- verifySettingsgclink -->
        <test-method is-config="true" signature="tearDown()[pri:0, instance:com.verfiabil.qa.testcases.Smoketests@12e61fe6]" started-at="2020-02-04T13:18:33 IST" name="tearDown" finished-at="2020-02-04T13:18:34 IST" duration-ms="833" status="PASS">
          <reporter-output>
          </reporter-output>
        </test-method> <!-- tearDown -->
        <test-method is-config="true" signature="setUp()[pri:0, instance:com.verfiabil.qa.testcases.Smoketests@12e61fe6]" started-at="2020-02-04T13:18:34 IST" name="setUp" finished-at="2020-02-04T13:18:50 IST" duration-ms="16535" status="PASS">
          <reporter-output>
          </reporter-output>
        </test-method> <!-- setUp -->
        <test-method signature="verifyCarriermanagementgclink()[pri:10, instance:com.verfiabil.qa.testcases.Smoketests@12e61fe6]" started-at="2020-02-04T13:18:50 IST" name="verifyCarriermanagementgclink" finished-at="2020-02-04T13:18:57 IST" duration-ms="6399" status="PASS">
          <reporter-output>
          </reporter-output>
        </test-method> <!-- verifyCarriermanagementgclink -->
        <test-method is-config="true" signature="tearDown()[pri:0, instance:com.verfiabil.qa.testcases.Smoketests@12e61fe6]" started-at="2020-02-04T13:18:57 IST" name="tearDown" finished-at="2020-02-04T13:18:58 IST" duration-ms="771" status="PASS">
          <reporter-output>
          </reporter-output>
        </test-method> <!-- tearDown -->
        <test-method is-config="true" signature="setUp()[pri:0, instance:com.verfiabil.qa.testcases.Smoketests@12e61fe6]" started-at="2020-02-04T13:18:58 IST" name="setUp" finished-at="2020-02-04T13:19:13 IST" duration-ms="15738" status="PASS">
          <reporter-output>
          </reporter-output>
        </test-method> <!-- setUp -->
        <test-method signature="verifyAccountnumbergclink()[pri:11, instance:com.verfiabil.qa.testcases.Smoketests@12e61fe6]" started-at="2020-02-04T13:19:13 IST" name="verifyAccountnumbergclink" finished-at="2020-02-04T13:19:20 IST" duration-ms="7144" status="PASS">
          <reporter-output>
          </reporter-output>
        </test-method> <!-- verifyAccountnumbergclink -->
        <test-method is-config="true" signature="tearDown()[pri:0, instance:com.verfiabil.qa.testcases.Smoketests@12e61fe6]" started-at="2020-02-04T13:19:20 IST" name="tearDown" finished-at="2020-02-04T13:19:21 IST" duration-ms="788" status="PASS">
          <reporter-output>
          </reporter-output>
        </test-method> <!-- tearDown -->
        <test-method is-config="true" signature="setUp()[pri:0, instance:com.verfiabil.qa.testcases.Smoketests@12e61fe6]" started-at="2020-02-04T13:19:21 IST" name="setUp" finished-at="2020-02-04T13:19:43 IST" duration-ms="21918" status="PASS">
          <reporter-output>
          </reporter-output>
        </test-method> <!-- setUp -->
        <test-method signature="verifyServicefeegclink()[pri:12, instance:com.verfiabil.qa.testcases.Smoketests@12e61fe6]" started-at="2020-02-04T13:19:43 IST" name="verifyServicefeegclink" finished-at="2020-02-04T13:19:50 IST" duration-ms="7306" status="PASS">
          <reporter-output>
          </reporter-output>
        </test-method> <!-- verifyServicefeegclink -->
        <test-method is-config="true" signature="tearDown()[pri:0, instance:com.verfiabil.qa.testcases.Smoketests@12e61fe6]" started-at="2020-02-04T13:19:50 IST" name="tearDown" finished-at="2020-02-04T13:19:51 IST" duration-ms="780" status="PASS">
          <reporter-output>
          </reporter-output>
        </test-method> <!-- tearDown -->
        <test-method is-config="true" signature="setUp()[pri:0, instance:com.verfiabil.qa.testcases.Smoketests@12e61fe6]" started-at="2020-02-04T13:19:51 IST" name="setUp" finished-at="2020-02-04T13:20:07 IST" duration-ms="15736" status="PASS">
          <reporter-output>
          </reporter-output>
        </test-method> <!-- setUp -->
        <test-method signature="verifySelfcostplangclink()[pri:13, instance:com.verfiabil.qa.testcases.Smoketests@12e61fe6]" started-at="2020-02-04T13:20:07 IST" name="verifySelfcostplangclink" finished-at="2020-02-04T13:20:14 IST" duration-ms="6899" status="PASS">
          <reporter-output>
          </reporter-output>
        </test-method> <!-- verifySelfcostplangclink -->
        <test-method is-config="true" signature="tearDown()[pri:0, instance:com.verfiabil.qa.testcases.Smoketests@12e61fe6]" started-at="2020-02-04T13:20:14 IST" name="tearDown" finished-at="2020-02-04T13:20:15 IST" duration-ms="788" status="PASS">
          <reporter-output>
          </reporter-output>
        </test-method> <!-- tearDown -->
        <test-method is-config="true" signature="setUp()[pri:0, instance:com.verfiabil.qa.testcases.Smoketests@12e61fe6]" started-at="2020-02-04T13:20:15 IST" name="setUp" finished-at="2020-02-04T13:20:31 IST" duration-ms="16303" status="PASS">
          <reporter-output>
          </reporter-output>
        </test-method> <!-- setUp -->
        <test-method signature="verifyImportcarrierdatagclink()[pri:14, instance:com.verfiabil.qa.testcases.Smoketests@12e61fe6]" started-at="2020-02-04T13:20:31 IST" name="verifyImportcarrierdatagclink" finished-at="2020-02-04T13:20:38 IST" duration-ms="6914" status="PASS">
          <reporter-output>
          </reporter-output>
        </test-method> <!-- verifyImportcarrierdatagclink -->
        <test-method is-config="true" signature="tearDown()[pri:0, instance:com.verfiabil.qa.testcases.Smoketests@12e61fe6]" started-at="2020-02-04T13:20:38 IST" name="tearDown" finished-at="2020-02-04T13:20:39 IST" duration-ms="711" status="PASS">
          <reporter-output>
          </reporter-output>
        </test-method> <!-- tearDown -->
        <test-method is-config="true" signature="setUp()[pri:0, instance:com.verfiabil.qa.testcases.Smoketests@12e61fe6]" started-at="2020-02-04T13:20:39 IST" name="setUp" finished-at="2020-02-04T13:20:54 IST" duration-ms="15834" status="PASS">
          <reporter-output>
          </reporter-output>
        </test-method> <!-- setUp -->
        <test-method signature="verifyImportbenadmindatagclink()[pri:15, instance:com.verfiabil.qa.testcases.Smoketests@12e61fe6]" started-at="2020-02-04T13:20:54 IST" name="verifyImportbenadmindatagclink" finished-at="2020-02-04T13:21:01 IST" duration-ms="6440" status="PASS">
          <reporter-output>
          </reporter-output>
        </test-method> <!-- verifyImportbenadmindatagclink -->
        <test-method is-config="true" signature="tearDown()[pri:0, instance:com.verfiabil.qa.testcases.Smoketests@12e61fe6]" started-at="2020-02-04T13:21:01 IST" name="tearDown" finished-at="2020-02-04T13:21:02 IST" duration-ms="717" status="PASS">
          <reporter-output>
          </reporter-output>
        </test-method> <!-- tearDown -->
        <test-method is-config="true" signature="setUp()[pri:0, instance:com.verfiabil.qa.testcases.Smoketests@12e61fe6]" started-at="2020-02-04T13:21:02 IST" name="setUp" finished-at="2020-02-04T13:21:19 IST" duration-ms="17896" status="PASS">
          <reporter-output>
          </reporter-output>
        </test-method> <!-- setUp -->
        <test-method signature="verifyReviewinvoicegclink()[pri:16, instance:com.verfiabil.qa.testcases.Smoketests@12e61fe6]" started-at="2020-02-04T13:21:19 IST" name="verifyReviewinvoicegclink" finished-at="2020-02-04T13:21:26 IST" duration-ms="6669" status="PASS">
          <reporter-output>
          </reporter-output>
        </test-method> <!-- verifyReviewinvoicegclink -->
        <test-method is-config="true" signature="tearDown()[pri:0, instance:com.verfiabil.qa.testcases.Smoketests@12e61fe6]" started-at="2020-02-04T13:21:26 IST" name="tearDown" finished-at="2020-02-04T13:21:27 IST" duration-ms="671" status="PASS">
          <reporter-output>
          </reporter-output>
        </test-method> <!-- tearDown -->
        <test-method is-config="true" signature="setUp()[pri:0, instance:com.verfiabil.qa.testcases.Smoketests@12e61fe6]" started-at="2020-02-04T13:21:27 IST" name="setUp" finished-at="2020-02-04T13:21:43 IST" duration-ms="16425" status="PASS">
          <reporter-output>
          </reporter-output>
        </test-method> <!-- setUp -->
        <test-method signature="verifyResolvenamemismatchgclink()[pri:17, instance:com.verfiabil.qa.testcases.Smoketests@12e61fe6]" started-at="2020-02-04T13:21:43 IST" name="verifyResolvenamemismatchgclink" finished-at="2020-02-04T13:21:50 IST" duration-ms="6827" status="PASS">
          <reporter-output>
          </reporter-output>
        </test-method> <!-- verifyResolvenamemismatchgclink -->
        <test-method is-config="true" signature="tearDown()[pri:0, instance:com.verfiabil.qa.testcases.Smoketests@12e61fe6]" started-at="2020-02-04T13:21:50 IST" name="tearDown" finished-at="2020-02-04T13:21:51 IST" duration-ms="672" status="PASS">
          <reporter-output>
          </reporter-output>
        </test-method> <!-- tearDown -->
        <test-method is-config="true" signature="setUp()[pri:0, instance:com.verfiabil.qa.testcases.Smoketests@12e61fe6]" started-at="2020-02-04T13:21:51 IST" name="setUp" finished-at="2020-02-04T13:22:06 IST" duration-ms="15633" status="PASS">
          <reporter-output>
          </reporter-output>
        </test-method> <!-- setUp -->
        <test-method signature="verifyDiscrepanciesgclink()[pri:18, instance:com.verfiabil.qa.testcases.Smoketests@12e61fe6]" started-at="2020-02-04T13:22:06 IST" name="verifyDiscrepanciesgclink" finished-at="2020-02-04T13:22:13 IST" duration-ms="6859" status="PASS">
          <reporter-output>
          </reporter-output>
        </test-method> <!-- verifyDiscrepanciesgclink -->
        <test-method is-config="true" signature="tearDown()[pri:0, instance:com.verfiabil.qa.testcases.Smoketests@12e61fe6]" started-at="2020-02-04T13:22:13 IST" name="tearDown" finished-at="2020-02-04T13:22:14 IST" duration-ms="694" status="PASS">
          <reporter-output>
          </reporter-output>
        </test-method> <!-- tearDown -->
        <test-method is-config="true" signature="setUp()[pri:0, instance:com.verfiabil.qa.testcases.Smoketests@12e61fe6]" started-at="2020-02-04T13:22:14 IST" name="setUp" finished-at="2020-02-04T13:22:30 IST" duration-ms="15584" status="PASS">
          <reporter-output>
          </reporter-output>
        </test-method> <!-- setUp -->
        <test-method signature="verifyFollowupdiscrepancylink()[pri:19, instance:com.verfiabil.qa.testcases.Smoketests@12e61fe6]" started-at="2020-02-04T13:22:30 IST" name="verifyFollowupdiscrepancylink" finished-at="2020-02-04T13:22:36 IST" duration-ms="6932" status="PASS">
          <reporter-output>
          </reporter-output>
        </test-method> <!-- verifyFollowupdiscrepancylink -->
        <test-method is-config="true" signature="tearDown()[pri:0, instance:com.verfiabil.qa.testcases.Smoketests@12e61fe6]" started-at="2020-02-04T13:22:36 IST" name="tearDown" finished-at="2020-02-04T13:22:37 IST" duration-ms="745" status="PASS">
          <reporter-output>
          </reporter-output>
        </test-method> <!-- tearDown -->
        <test-method is-config="true" signature="setUp()[pri:0, instance:com.verfiabil.qa.testcases.Smoketests@12e61fe6]" started-at="2020-02-04T13:22:37 IST" name="setUp" finished-at="2020-02-04T13:22:55 IST" duration-ms="17640" status="PASS">
          <reporter-output>
          </reporter-output>
        </test-method> <!-- setUp -->
        <test-method signature="verifyNodiscreapnciesgclink()[pri:20, instance:com.verfiabil.qa.testcases.Smoketests@12e61fe6]" started-at="2020-02-04T13:22:55 IST" name="verifyNodiscreapnciesgclink" finished-at="2020-02-04T13:23:02 IST" duration-ms="6903" status="PASS">
          <reporter-output>
          </reporter-output>
        </test-method> <!-- verifyNodiscreapnciesgclink -->
        <test-method is-config="true" signature="tearDown()[pri:0, instance:com.verfiabil.qa.testcases.Smoketests@12e61fe6]" started-at="2020-02-04T13:23:02 IST" name="tearDown" finished-at="2020-02-04T13:23:02 IST" duration-ms="737" status="PASS">
          <reporter-output>
          </reporter-output>
        </test-method> <!-- tearDown -->
        <test-method is-config="true" signature="setUp()[pri:0, instance:com.verfiabil.qa.testcases.Smoketests@12e61fe6]" started-at="2020-02-04T13:23:02 IST" name="setUp" finished-at="2020-02-04T13:23:18 IST" duration-ms="15712" status="PASS">
          <reporter-output>
          </reporter-output>
        </test-method> <!-- setUp -->
        <test-method signature="verifyBillinglink()[pri:21, instance:com.verfiabil.qa.testcases.Smoketests@12e61fe6]" started-at="2020-02-04T13:23:18 IST" name="verifyBillinglink" finished-at="2020-02-04T13:23:25 IST" duration-ms="7121" status="PASS">
          <reporter-output>
          </reporter-output>
        </test-method> <!-- verifyBillinglink -->
        <test-method is-config="true" signature="tearDown()[pri:0, instance:com.verfiabil.qa.testcases.Smoketests@12e61fe6]" started-at="2020-02-04T13:23:25 IST" name="tearDown" finished-at="2020-02-04T13:23:26 IST" duration-ms="757" status="PASS">
          <reporter-output>
          </reporter-output>
        </test-method> <!-- tearDown -->
        <test-method is-config="true" signature="setUp()[pri:0, instance:com.verfiabil.qa.testcases.Smoketests@12e61fe6]" started-at="2020-02-04T13:23:26 IST" name="setUp" finished-at="2020-02-04T13:23:44 IST" duration-ms="18207" status="PASS">
          <reporter-output>
          </reporter-output>
        </test-method> <!-- setUp -->
        <test-method signature="verifyCarrierinvoicesummarygclink()[pri:22, instance:com.verfiabil.qa.testcases.Smoketests@12e61fe6]" started-at="2020-02-04T13:23:44 IST" name="verifyCarrierinvoicesummarygclink" finished-at="2020-02-04T13:23:52 IST" duration-ms="7727" status="PASS">
          <reporter-output>
          </reporter-output>
        </test-method> <!-- verifyCarrierinvoicesummarygclink -->
        <test-method is-config="true" signature="tearDown()[pri:0, instance:com.verfiabil.qa.testcases.Smoketests@12e61fe6]" started-at="2020-02-04T13:23:52 IST" name="tearDown" finished-at="2020-02-04T13:23:53 IST" duration-ms="731" status="PASS">
          <reporter-output>
          </reporter-output>
        </test-method> <!-- tearDown -->
        <test-method is-config="true" signature="setUp()[pri:0, instance:com.verfiabil.qa.testcases.Smoketests@12e61fe6]" started-at="2020-02-04T13:23:53 IST" name="setUp" finished-at="2020-02-04T13:24:09 IST" duration-ms="16374" status="PASS">
          <reporter-output>
          </reporter-output>
        </test-method> <!-- setUp -->
        <test-method signature="verifyCostallocationgclink()[pri:23, instance:com.verfiabil.qa.testcases.Smoketests@12e61fe6]" started-at="2020-02-04T13:24:09 IST" name="verifyCostallocationgclink" finished-at="2020-02-04T13:24:17 IST" duration-ms="7508" status="PASS">
          <reporter-output>
          </reporter-output>
        </test-method> <!-- verifyCostallocationgclink -->
        <test-method is-config="true" signature="tearDown()[pri:0, instance:com.verfiabil.qa.testcases.Smoketests@12e61fe6]" started-at="2020-02-04T13:24:17 IST" name="tearDown" finished-at="2020-02-04T13:24:17 IST" duration-ms="743" status="PASS">
          <reporter-output>
          </reporter-output>
        </test-method> <!-- tearDown -->
        <test-method is-config="true" signature="setUp()[pri:0, instance:com.verfiabil.qa.testcases.Smoketests@12e61fe6]" started-at="2020-02-04T13:24:17 IST" name="setUp" finished-at="2020-02-04T13:24:33 IST" duration-ms="15501" status="PASS">
          <reporter-output>
          </reporter-output>
        </test-method> <!-- setUp -->
        <test-method signature="verifyUploadcustomreportgclink()[pri:24, instance:com.verfiabil.qa.testcases.Smoketests@12e61fe6]" started-at="2020-02-04T13:24:33 IST" name="verifyUploadcustomreportgclink" finished-at="2020-02-04T13:24:40 IST" duration-ms="7133" status="PASS">
          <reporter-output>
          </reporter-output>
        </test-method> <!-- verifyUploadcustomreportgclink -->
        <test-method is-config="true" signature="tearDown()[pri:0, instance:com.verfiabil.qa.testcases.Smoketests@12e61fe6]" started-at="2020-02-04T13:24:40 IST" name="tearDown" finished-at="2020-02-04T13:24:41 IST" duration-ms="766" status="PASS">
          <reporter-output>
          </reporter-output>
        </test-method> <!-- tearDown -->
        <test-method is-config="true" signature="setUp()[pri:0, instance:com.verfiabil.qa.testcases.Smoketests@12e61fe6]" started-at="2020-02-04T13:24:41 IST" name="setUp" finished-at="2020-02-04T13:24:58 IST" duration-ms="17355" status="PASS">
          <reporter-output>
          </reporter-output>
        </test-method> <!-- setUp -->
        <test-method signature="verifyOtherreportsgclink()[pri:25, instance:com.verfiabil.qa.testcases.Smoketests@12e61fe6]" started-at="2020-02-04T13:24:58 IST" name="verifyOtherreportsgclink" finished-at="2020-02-04T13:25:07 IST" duration-ms="8874" status="PASS">
          <reporter-output>
          </reporter-output>
        </test-method> <!-- verifyOtherreportsgclink -->
        <test-method is-config="true" signature="tearDown()[pri:0, instance:com.verfiabil.qa.testcases.Smoketests@12e61fe6]" started-at="2020-02-04T13:25:07 IST" name="tearDown" finished-at="2020-02-04T13:25:08 IST" duration-ms="740" status="PASS">
          <reporter-output>
          </reporter-output>
        </test-method> <!-- tearDown -->
      </class> <!-- com.verfiabil.qa.testcases.Smoketests -->
    </test> <!-- Verifiabil Test Cases -->
  </suite> <!-- Verifiabil Application Automation -->
</testng-results>
